1597756513944	geckodriver	INFO	Listening on 127.0.0.1:49744
1597756517020	mozrunner::runner	INFO	Running command: "C:\\Program Files\\Mozilla Firefox\\firefox.exe" "--marionette" "-foreground" "-no-remote" "-profile" "C:\\Users\\DEVELO~1\\AppData\\Local\\Temp\\rust_mozprofile70vUqJ"
JavaScript error: resource://gre/modules/XULStore.jsm, line 66: Error: Can't find profile directory.
console.error: SearchCache: "_readCacheFile: Error reading cache file:" (new Error("", "(unknown module)"))
1597756520321	Marionette	INFO	Listening on port 49755
1597756520644	Marionette	WARN	TLS certificate errors will be ignored for this session
1597757115224	geckodriver	INFO	Listening on 127.0.0.1:51352
1597757118221	mozrunner::runner	INFO	Running command: "C:\\Program Files\\Mozilla Firefox\\firefox.exe" "--marionette" "-foreground" "-no-remote" "-profile" "C:\\Users\\DEVELO~1\\AppData\\Local\\Temp\\rust_mozprofiledomrSM"
JavaScript error: resource://gre/modules/XULStore.jsm, line 66: Error: Can't find profile directory.
console.error: SearchCache: "_readCacheFile: Error reading cache file:" (new Error("", "(unknown module)"))
1597757121277	Marionette	INFO	Listening on port 51364
1597757121333	Marionette	WARN	TLS certificate errors will be ignored for this session
1597757362687	geckodriver	INFO	Listening on 127.0.0.1:51869
1597757365754	mozrunner::runner	INFO	Running command: "C:\\Program Files\\Mozilla Firefox\\firefox.exe" "--marionette" "-foreground" "-no-remote" "-profile" "C:\\Users\\DEVELO~1\\AppData\\Local\\Temp\\rust_mozprofileYh9Hj4"
JavaScript error: resource://gre/modules/XULStore.jsm, line 66: Error: Can't find profile directory.
console.error: SearchCache: "_readCacheFile: Error reading cache file:" (new Error("", "(unknown module)"))
1597757369088	Marionette	INFO	Listening on port 51882
1597757369383	Marionette	WARN	TLS certificate errors will be ignored for this session
1597757375727	geckodriver	INFO	Listening on 127.0.0.1:51933
1597757378784	mozrunner::runner	INFO	Running command: "C:\\Program Files\\Mozilla Firefox\\firefox.exe" "--marionette" "-foreground" "-no-remote" "-profile" "C:\\Users\\DEVELO~1\\AppData\\Local\\Temp\\rust_mozprofile2nS8hh"
JavaScript error: resource://gre/modules/XULStore.jsm, line 66: Error: Can't find profile directory.
console.error: SearchCache: "_readCacheFile: Error reading cache file:" (new Error("", "(unknown module)"))
1597757381807	Marionette	INFO	Listening on port 51947
1597757381906	Marionette	WARN	TLS certificate errors will be ignored for this session
1597757397520	geckodriver	INFO	Listening on 127.0.0.1:52021
1597757400547	mozrunner::runner	INFO	Running command: "C:\\Program Files\\Mozilla Firefox\\firefox.exe" "--marionette" "-foreground" "-no-remote" "-profile" "C:\\Users\\DEVELO~1\\AppData\\Local\\Temp\\rust_mozprofile7RaBMY"
JavaScript error: resource://gre/modules/XULStore.jsm, line 66: Error: Can't find profile directory.
console.error: SearchCache: "_readCacheFile: Error reading cache file:" (new Error("", "(unknown module)"))
1597757403468	Marionette	INFO	Listening on port 52033
1597757403675	Marionette	WARN	TLS certificate errors will be ignored for this session
1597757976943	geckodriver	INFO	Listening on 127.0.0.1:53098
1597757979938	mozrunner::runner	INFO	Running command: "C:\\Program Files\\Mozilla Firefox\\firefox.exe" "--marionette" "-foreground" "-no-remote" "-profile" "C:\\Users\\DEVELO~1\\AppData\\Local\\Temp\\rust_mozprofileXVf9kt"
JavaScript error: resource://gre/modules/XULStore.jsm, line 66: Error: Can't find profile directory.
console.error: SearchCache: "_readCacheFile: Error reading cache file:" (new Error("", "(unknown module)"))
1597757983131	Marionette	INFO	Listening on port 53112
1597757983563	Marionette	WARN	TLS certificate errors will be ignored for this session
1597758064948	geckodriver	INFO	Listening on 127.0.0.1:53384
1597758067987	mozrunner::runner	INFO	Running command: "C:\\Program Files\\Mozilla Firefox\\firefox.exe" "--marionette" "-foreground" "-no-remote" "-profile" "C:\\Users\\DEVELO~1\\AppData\\Local\\Temp\\rust_mozprofiler3TXfw"
JavaScript error: resource://gre/modules/XULStore.jsm, line 66: Error: Can't find profile directory.
console.error: SearchCache: "_readCacheFile: Error reading cache file:" (new Error("", "(unknown module)"))
1597758070838	Marionette	INFO	Listening on port 53393
1597758071144	Marionette	WARN	TLS certificate errors will be ignored for this session
1597758099440	geckodriver	INFO	Listening on 127.0.0.1:53530
1597758102445	mozrunner::runner	INFO	Running command: "C:\\Program Files\\Mozilla Firefox\\firefox.exe" "--marionette" "-foreground" "-no-remote" "-profile" "C:\\Users\\DEVELO~1\\AppData\\Local\\Temp\\rust_mozprofileJMEheE"
JavaScript error: resource://gre/modules/XULStore.jsm, line 66: Error: Can't find profile directory.
console.error: SearchCache: "_readCacheFile: Error reading cache file:" (new Error("", "(unknown module)"))
1597758105593	Marionette	INFO	Listening on port 53543
1597758106057	Marionette	WARN	TLS certificate errors will be ignored for this session
1597758107874	geckodriver	INFO	Listening on 127.0.0.1:53598
1597758110890	mozrunner::runner	INFO	Running command: "C:\\Program Files\\Mozilla Firefox\\firefox.exe" "--marionette" "-foreground" "-no-remote" "-profile" "C:\\Users\\DEVELO~1\\AppData\\Local\\Temp\\rust_mozprofilep228jA"
JavaScript error: resource://gre/modules/XULStore.jsm, line 66: Error: Can't find profile directory.
console.error: SearchCache: "_readCacheFile: Error reading cache file:" (new Error("", "(unknown module)"))
1597758113751	Marionette	INFO	Listening on port 53610
1597758114007	Marionette	WARN	TLS certificate errors will be ignored for this session
1597763073051	geckodriver	INFO	Listening on 127.0.0.1:53390
1597763075995	mozrunner::runner	INFO	Running command: "C:\\Program Files\\Mozilla Firefox\\firefox.exe" "--marionette" "-foreground" "-no-remote" "-profile" "C:\\Users\\DEVELO~1\\AppData\\Local\\Temp\\rust_mozprofiledcNt0R"
JavaScript error: resource://gre/modules/XULStore.jsm, line 66: Error: Can't find profile directory.
console.error: SearchCache: "_readCacheFile: Error reading cache file:" (new Error("", "(unknown module)"))
1597763079860	Marionette	INFO	Listening on port 53405
1597763080130	Marionette	WARN	TLS certificate errors will be ignored for this session
1597763144141	geckodriver	INFO	Listening on 127.0.0.1:53598
1597763147163	mozrunner::runner	INFO	Running command: "C:\\Program Files\\Mozilla Firefox\\firefox.exe" "--marionette" "-foreground" "-no-remote" "-profile" "C:\\Users\\DEVELO~1\\AppData\\Local\\Temp\\rust_mozprofile0C1o0B"
JavaScript error: resource://gre/modules/XULStore.jsm, line 66: Error: Can't find profile directory.
console.error: SearchCache: "_readCacheFile: Error reading cache file:" (new Error("", "(unknown module)"))
1597763150262	Marionette	INFO	Listening on port 53608
1597763150277	Marionette	WARN	TLS certificate errors will be ignored for this session
1597763167822	geckodriver	INFO	Listening on 127.0.0.1:53685
1597763170802	mozrunner::runner	INFO	Running command: "C:\\Program Files\\Mozilla Firefox\\firefox.exe" "--marionette" "-foreground" "-no-remote" "-profile" "C:\\Users\\DEVELO~1\\AppData\\Local\\Temp\\rust_mozprofileHINdOh"
JavaScript error: resource://gre/modules/XULStore.jsm, line 66: Error: Can't find profile directory.
console.error: SearchCache: "_readCacheFile: Error reading cache file:" (new Error("", "(unknown module)"))
1597763173883	Marionette	INFO	Listening on port 53699
1597763173913	Marionette	WARN	TLS certificate errors will be ignored for this session
1597763235950	geckodriver	INFO	Listening on 127.0.0.1:53897
1597763238909	mozrunner::runner	INFO	Running command: "C:\\Program Files\\Mozilla Firefox\\firefox.exe" "--marionette" "-foreground" "-no-remote" "-profile" "C:\\Users\\DEVELO~1\\AppData\\Local\\Temp\\rust_mozprofileRXlxUL"
JavaScript error: resource://gre/modules/XULStore.jsm, line 66: Error: Can't find profile directory.
console.error: SearchCache: "_readCacheFile: Error reading cache file:" (new Error("", "(unknown module)"))
1597763241845	Marionette	INFO	Listening on port 53910
1597763242020	Marionette	WARN	TLS certificate errors will be ignored for this session
1597763262912	geckodriver	INFO	Listening on 127.0.0.1:54009
1597763265901	mozrunner::runner	INFO	Running command: "C:\\Program Files\\Mozilla Firefox\\firefox.exe" "--marionette" "-foreground" "-no-remote" "-profile" "C:\\Users\\DEVELO~1\\AppData\\Local\\Temp\\rust_mozprofilerXFS3A"
JavaScript error: resource://gre/modules/XULStore.jsm, line 66: Error: Can't find profile directory.
console.error: SearchCache: "_readCacheFile: Error reading cache file:" (new Error("", "(unknown module)"))
1597763268996	Marionette	INFO	Listening on port 54023
1597763269016	Marionette	WARN	TLS certificate errors will be ignored for this session
1597770264634	geckodriver	INFO	Listening on 127.0.0.1:55229
1597770267624	mozrunner::runner	INFO	Running command: "C:\\Program Files\\Mozilla Firefox\\firefox.exe" "--marionette" "-foreground" "-no-remote" "-profile" "C:\\Users\\DEVELO~1\\AppData\\Local\\Temp\\rust_mozprofileA0X7Tk"
JavaScript error: resource://gre/modules/XULStore.jsm, line 66: Error: Can't find profile directory.
console.error: SearchCache: "_readCacheFile: Error reading cache file:" (new Error("", "(unknown module)"))
1597770271590	Marionette	INFO	Listening on port 55242
1597770271734	Marionette	WARN	TLS certificate errors will be ignored for this session
1597770300098	geckodriver	INFO	Listening on 127.0.0.1:65050
1597770303105	mozrunner::runner	INFO	Running command: "C:\\Program Files\\Mozilla Firefox\\firefox.exe" "--marionette" "-foreground" "-no-remote" "-profile" "C:\\Users\\DEVELO~1\\AppData\\Local\\Temp\\rust_mozprofileDKD6An"
JavaScript error: resource://gre/modules/XULStore.jsm, line 66: Error: Can't find profile directory.
console.error: SearchCache: "_readCacheFile: Error reading cache file:" (new Error("", "(unknown module)"))
1597770306217	Marionette	INFO	Listening on port 65062
1597770306227	Marionette	WARN	TLS certificate errors will be ignored for this session
1597770353199	geckodriver	INFO	Listening on 127.0.0.1:65215
1597770356140	mozrunner::runner	INFO	Running command: "C:\\Program Files\\Mozilla Firefox\\firefox.exe" "--marionette" "-foreground" "-no-remote" "-profile" "C:\\Users\\DEVELO~1\\AppData\\Local\\Temp\\rust_mozprofilee3JeC6"
JavaScript error: resource://gre/modules/XULStore.jsm, line 66: Error: Can't find profile directory.
console.error: SearchCache: "_readCacheFile: Error reading cache file:" (new Error("", "(unknown module)"))
1597770359822	Marionette	INFO	Listening on port 65227
1597770360250	Marionette	WARN	TLS certificate errors will be ignored for this session
1597771365260	geckodriver	INFO	Listening on 127.0.0.1:50279
1597771368197	mozrunner::runner	INFO	Running command: "C:\\Program Files\\Mozilla Firefox\\firefox.exe" "--marionette" "-foreground" "-no-remote" "-profile" "C:\\Users\\DEVELO~1\\AppData\\Local\\Temp\\rust_mozprofilerLhvBi"
JavaScript error: resource://gre/modules/XULStore.jsm, line 66: Error: Can't find profile directory.
console.error: SearchCache: "_readCacheFile: Error reading cache file:" (new Error("", "(unknown module)"))
1597771371380	Marionette	INFO	Listening on port 50289
1597771371813	Marionette	WARN	TLS certificate errors will be ignored for this session
1597771752009	geckodriver	INFO	Listening on 127.0.0.1:64618
1597771755014	mozrunner::runner	INFO	Running command: "C:\\Program Files\\Mozilla Firefox\\firefox.exe" "--marionette" "-foreground" "-no-remote" "-profile" "C:\\Users\\DEVELO~1\\AppData\\Local\\Temp\\rust_mozprofileRV0Gql"
JavaScript error: resource://gre/modules/XULStore.jsm, line 66: Error: Can't find profile directory.
console.error: SearchCache: "_readCacheFile: Error reading cache file:" (new Error("", "(unknown module)"))
1597771758169	Marionette	INFO	Listening on port 64631
console.error: Region.jsm: "Error fetching region" (new TypeError("NetworkError when attempting to fetch resource.", ""))
console.error: Region.jsm: "Failed to fetch region" (new Error("NO_RESULT", "resource://gre/modules/Region.jsm", 343))
1597771758759	Marionette	INFO	Stopped listening on port 64631

###!!! [Child][RunMessage] Error: Channel closing: too late to send/recv, messages will be lost


###!!! [Child][MessageChannel::SendAndWait] Error: Channel error: cannot send/recv

1597771767345	geckodriver	INFO	Listening on 127.0.0.1:64681
1597771770274	mozrunner::runner	INFO	Running command: "C:\\Program Files\\Mozilla Firefox\\firefox.exe" "--marionette" "-foreground" "-no-remote" "-profile" "C:\\Users\\DEVELO~1\\AppData\\Local\\Temp\\rust_mozprofileUDPSgK"
JavaScript error: resource://gre/modules/XULStore.jsm, line 66: Error: Can't find profile directory.
console.error: SearchCache: "_readCacheFile: Error reading cache file:" (new Error("", "(unknown module)"))
1597771773293	Marionette	INFO	Listening on port 64694
1597771773383	Marionette	WARN	TLS certificate errors will be ignored for this session
1597771813974	geckodriver	INFO	Listening on 127.0.0.1:64799
1597771817033	mozrunner::runner	INFO	Running command: "C:\\Program Files\\Mozilla Firefox\\firefox.exe" "--marionette" "-foreground" "-no-remote" "-profile" "C:\\Users\\DEVELO~1\\AppData\\Local\\Temp\\rust_mozprofilePd94aN"
JavaScript error: resource://gre/modules/XULStore.jsm, line 66: Error: Can't find profile directory.
console.error: SearchCache: "_readCacheFile: Error reading cache file:" (new Error("", "(unknown module)"))
1597771820062	Marionette	INFO	Listening on port 64813
1597771820157	Marionette	WARN	TLS certificate errors will be ignored for this session
1597771888191	geckodriver	INFO	Listening on 127.0.0.1:65019
1597771891701	mozrunner::runner	INFO	Running command: "C:\\Program Files\\Mozilla Firefox\\firefox.exe" "--marionette" "-foreground" "-no-remote" "-profile" "C:\\Users\\DEVELO~1\\AppData\\Local\\Temp\\rust_mozprofileULwZ69"
JavaScript error: resource://gre/modules/XULStore.jsm, line 66: Error: Can't find profile directory.
console.error: SearchCache: "_readCacheFile: Error reading cache file:" (new Error("", "(unknown module)"))
1597771894705	Marionette	INFO	Listening on port 65032
1597771894826	Marionette	WARN	TLS certificate errors will be ignored for this session
1597771987276	geckodriver	INFO	Listening on 127.0.0.1:65328
1597771990277	mozrunner::runner	INFO	Running command: "C:\\Program Files\\Mozilla Firefox\\firefox.exe" "--marionette" "-foreground" "-no-remote" "-profile" "C:\\Users\\DEVELO~1\\AppData\\Local\\Temp\\rust_mozprofileArWO4z"
JavaScript error: resource://gre/modules/XULStore.jsm, line 66: Error: Can't find profile directory.
console.error: SearchCache: "_readCacheFile: Error reading cache file:" (new Error("", "(unknown module)"))
1597771993348	Marionette	INFO	Listening on port 65341
1597771993417	Marionette	WARN	TLS certificate errors will be ignored for this session
1597772058176	geckodriver	INFO	Listening on 127.0.0.1:65504
1597772061183	mozrunner::runner	INFO	Running command: "C:\\Program Files\\Mozilla Firefox\\firefox.exe" "--marionette" "-foreground" "-no-remote" "-profile" "C:\\Users\\DEVELO~1\\AppData\\Local\\Temp\\rust_mozprofile5zlcze"
JavaScript error: resource://gre/modules/XULStore.jsm, line 66: Error: Can't find profile directory.
console.error: SearchCache: "_readCacheFile: Error reading cache file:" (new Error("", "(unknown module)"))
1597772064345	Marionette	INFO	Listening on port 65516
1597772064813	Marionette	WARN	TLS certificate errors will be ignored for this session
1597777365633	geckodriver	INFO	Listening on 127.0.0.1:50244
1597777368568	mozrunner::runner	INFO	Running command: "C:\\Program Files\\Mozilla Firefox\\firefox.exe" "--marionette" "-foreground" "-no-remote" "-profile" "C:\\Users\\DEVELO~1\\AppData\\Local\\Temp\\rust_mozprofilelXksgD"
JavaScript error: resource://gre/modules/XULStore.jsm, line 66: Error: Can't find profile directory.
console.error: SearchCache: "_readCacheFile: Error reading cache file:" (new Error("", "(unknown module)"))
1597777372543	Marionette	INFO	Listening on port 50259
1597777372687	Marionette	WARN	TLS certificate errors will be ignored for this session
1597781942454	geckodriver	INFO	Listening on 127.0.0.1:53405
1597781945430	mozrunner::runner	INFO	Running command: "C:\\Program Files\\Mozilla Firefox\\firefox.exe" "--marionette" "-foreground" "-no-remote" "-profile" "C:\\Users\\DEVELO~1\\AppData\\Local\\Temp\\rust_mozprofile3cF0Rf"
JavaScript error: resource://gre/modules/XULStore.jsm, line 66: Error: Can't find profile directory.
console.error: SearchCache: "_readCacheFile: Error reading cache file:" (new Error("", "(unknown module)"))
1597781951111	Marionette	INFO	Listening on port 53417
1597781951150	Marionette	WARN	TLS certificate errors will be ignored for this session
1597782137140	geckodriver	INFO	Listening on 127.0.0.1:53812
1597782140097	mozrunner::runner	INFO	Running command: "C:\\Program Files\\Mozilla Firefox\\firefox.exe" "--marionette" "-foreground" "-no-remote" "-profile" "C:\\Users\\DEVELO~1\\AppData\\Local\\Temp\\rust_mozprofilevadqMf"
JavaScript error: resource://gre/modules/XULStore.jsm, line 66: Error: Can't find profile directory.
console.error: SearchCache: "_readCacheFile: Error reading cache file:" (new Error("", "(unknown module)"))
1597782143714	Marionette	INFO	Listening on port 53823
1597782144209	Marionette	WARN	TLS certificate errors will be ignored for this session
1597782419582	geckodriver	INFO	Listening on 127.0.0.1:64919
1597782422534	mozrunner::runner	INFO	Running command: "C:\\Program Files\\Mozilla Firefox\\firefox.exe" "--marionette" "-foreground" "-no-remote" "-profile" "C:\\Users\\DEVELO~1\\AppData\\Local\\Temp\\rust_mozprofileDUQgXx"
JavaScript error: resource://gre/modules/XULStore.jsm, line 66: Error: Can't find profile directory.
console.error: SearchCache: "_readCacheFile: Error reading cache file:" (new Error("", "(unknown module)"))
1597782428962	Marionette	INFO	Listening on port 64929
1597782430467	Marionette	WARN	TLS certificate errors will be ignored for this session
JavaScript error: chrome://marionette/content/proxy.js, line 222: TypeError: this.browser.driver.dialogObserver is null
1597782527224	geckodriver	INFO	Listening on 127.0.0.1:65163
1597782530150	mozrunner::runner	INFO	Running command: "C:\\Program Files\\Mozilla Firefox\\firefox.exe" "--marionette" "-foreground" "-no-remote" "-profile" "C:\\Users\\DEVELO~1\\AppData\\Local\\Temp\\rust_mozprofilesROBDZ"
JavaScript error: resource://gre/modules/XULStore.jsm, line 66: Error: Can't find profile directory.
console.error: SearchCache: "_readCacheFile: Error reading cache file:" (new Error("", "(unknown module)"))
1597782533526	Marionette	INFO	Listening on port 65174
1597782533763	Marionette	WARN	TLS certificate errors will be ignored for this session
1597782653935	geckodriver	INFO	Listening on 127.0.0.1:65455
1597782656860	mozrunner::runner	INFO	Running command: "C:\\Program Files\\Mozilla Firefox\\firefox.exe" "--marionette" "-foreground" "-no-remote" "-profile" "C:\\Users\\DEVELO~1\\AppData\\Local\\Temp\\rust_mozprofileIrTNqh"
JavaScript error: resource://gre/modules/XULStore.jsm, line 66: Error: Can't find profile directory.
console.error: SearchCache: "_readCacheFile: Error reading cache file:" (new Error("", "(unknown module)"))
1597782661073	Marionette	INFO	Listening on port 65469
1597782661084	Marionette	WARN	TLS certificate errors will be ignored for this session
1597782689249	geckodriver	INFO	Listening on 127.0.0.1:49186
1597782692245	mozrunner::runner	INFO	Running command: "C:\\Program Files\\Mozilla Firefox\\firefox.exe" "--marionette" "-foreground" "-no-remote" "-profile" "C:\\Users\\DEVELO~1\\AppData\\Local\\Temp\\rust_mozprofile1CVPPQ"
JavaScript error: resource://gre/modules/XULStore.jsm, line 66: Error: Can't find profile directory.
console.error: SearchCache: "_readCacheFile: Error reading cache file:" (new Error("", "(unknown module)"))
1597782696527	Marionette	INFO	Listening on port 49197
1597782697073	Marionette	WARN	TLS certificate errors will be ignored for this session
1597782751166	geckodriver	INFO	Listening on 127.0.0.1:49372
1597782754153	mozrunner::runner	INFO	Running command: "C:\\Program Files\\Mozilla Firefox\\firefox.exe" "--marionette" "-foreground" "-no-remote" "-profile" "C:\\Users\\DEVELO~1\\AppData\\Local\\Temp\\rust_mozprofileNJLlZU"
JavaScript error: resource://gre/modules/XULStore.jsm, line 66: Error: Can't find profile directory.
console.error: SearchCache: "_readCacheFile: Error reading cache file:" (new Error("", "(unknown module)"))
1597782757669	Marionette	INFO	Listening on port 49392
1597782757868	Marionette	WARN	TLS certificate errors will be ignored for this session
1597783412520	geckodriver	INFO	Listening on 127.0.0.1:54720
1597783415463	mozrunner::runner	INFO	Running command: "C:\\Program Files\\Mozilla Firefox\\firefox.exe" "--marionette" "-foreground" "-no-remote" "-profile" "C:\\Users\\DEVELO~1\\AppData\\Local\\Temp\\rust_mozprofilezad1I5"
JavaScript error: resource://gre/modules/XULStore.jsm, line 66: Error: Can't find profile directory.
console.error: SearchCache: "_readCacheFile: Error reading cache file:" (new Error("", "(unknown module)"))
1597783419732	Marionette	INFO	Listening on port 54731
1597783420178	Marionette	WARN	TLS certificate errors will be ignored for this session
1597783674624	geckodriver	INFO	Listening on 127.0.0.1:55239
1597783677623	mozrunner::runner	INFO	Running command: "C:\\Program Files\\Mozilla Firefox\\firefox.exe" "--marionette" "-foreground" "-no-remote" "-profile" "C:\\Users\\DEVELO~1\\AppData\\Local\\Temp\\rust_mozprofile38ZKqc"
JavaScript error: resource://gre/modules/XULStore.jsm, line 66: Error: Can't find profile directory.
console.error: SearchCache: "_readCacheFile: Error reading cache file:" (new Error("", "(unknown module)"))
1597783683054	Marionette	INFO	Listening on port 55248
1597783683368	Marionette	WARN	TLS certificate errors will be ignored for this session
1597794326863	geckodriver	INFO	Listening on 127.0.0.1:56766
1597794329901	mozrunner::runner	INFO	Running command: "C:\\Program Files\\Mozilla Firefox\\firefox.exe" "--marionette" "-foreground" "-no-remote" "-profile" "C:\\Users\\DEVELO~1\\AppData\\Local\\Temp\\rust_mozprofilefRxnU2"
JavaScript error: resource://gre/modules/XULStore.jsm, line 66: Error: Can't find profile directory.
console.error: SearchCache: "_readCacheFile: Error reading cache file:" (new Error("", "(unknown module)"))
1597794333738	Marionette	INFO	Listening on port 56780
1597794334023	Marionette	WARN	TLS certificate errors will be ignored for this session
1597794351625	Marionette	INFO	Stopped listening on port 56780

###!!! [Child][RunMessage] Error: Channel closing: too late to send/recv, messages will be lost


###!!! [Child][MessageChannel::SendAndWait] Error: Channel error: cannot send/recv

1597794515189	geckodriver	INFO	Listening on 127.0.0.1:57149
1597794518228	mozrunner::runner	INFO	Running command: "C:\\Program Files\\Mozilla Firefox\\firefox.exe" "--marionette" "-foreground" "-no-remote" "-profile" "C:\\Users\\DEVELO~1\\AppData\\Local\\Temp\\rust_mozprofileN59CJr"
JavaScript error: resource://gre/modules/XULStore.jsm, line 66: Error: Can't find profile directory.
console.error: SearchCache: "_readCacheFile: Error reading cache file:" (new Error("", "(unknown module)"))
1597794521279	Marionette	INFO	Listening on port 57162
1597794521341	Marionette	WARN	TLS certificate errors will be ignored for this session
1597794593869	geckodriver	INFO	Listening on 127.0.0.1:57315
1597794596855	mozrunner::runner	INFO	Running command: "C:\\Program Files\\Mozilla Firefox\\firefox.exe" "--marionette" "-foreground" "-no-remote" "-profile" "C:\\Users\\DEVELO~1\\AppData\\Local\\Temp\\rust_mozprofilelkhQDT"
JavaScript error: resource://gre/modules/XULStore.jsm, line 66: Error: Can't find profile directory.
console.error: SearchCache: "_readCacheFile: Error reading cache file:" (new Error("", "(unknown module)"))
1597794599713	Marionette	INFO	Listening on port 57325
1597794599983	Marionette	WARN	TLS certificate errors will be ignored for this session
1597794692948	geckodriver	INFO	Listening on 127.0.0.1:57522
1597794695928	mozrunner::runner	INFO	Running command: "C:\\Program Files\\Mozilla Firefox\\firefox.exe" "--marionette" "-foreground" "-no-remote" "-profile" "C:\\Users\\DEVELO~1\\AppData\\Local\\Temp\\rust_mozprofile1sp2fb"
JavaScript error: resource://gre/modules/XULStore.jsm, line 66: Error: Can't find profile directory.
console.error: SearchCache: "_readCacheFile: Error reading cache file:" (new Error("", "(unknown module)"))
1597794699136	Marionette	INFO	Listening on port 57532
1597794699538	Marionette	WARN	TLS certificate errors will be ignored for this session
1597794735130	Marionette	INFO	Stopped listening on port 57532

###!!! [Child][RunMessage] Error: Channel closing: too late to send/recv, messages will be lost


###!!! [Child][MessageChannel::SendAndWait] Error: Channel error: cannot send/recv

1597798237779	geckodriver	INFO	Listening on 127.0.0.1:56568
1597798240724	mozrunner::runner	INFO	Running command: "C:\\Program Files\\Mozilla Firefox\\firefox.exe" "--marionette" "-foreground" "-no-remote" "-profile" "C:\\Users\\DEVELO~1\\AppData\\Local\\Temp\\rust_mozprofileHzOL61"
JavaScript error: resource://gre/modules/XULStore.jsm, line 66: Error: Can't find profile directory.
console.error: SearchCache: "_readCacheFile: Error reading cache file:" (new Error("", "(unknown module)"))
1597798244390	Marionette	INFO	Listening on port 56580
1597798244858	Marionette	WARN	TLS certificate errors will be ignored for this session
1597798255764	Marionette	INFO	Stopped listening on port 56580

###!!! [Child][RunMessage] Error: Channel closing: too late to send/recv, messages will be lost


###!!! [Child][MessageChannel::SendAndWait] Error: Channel error: cannot send/recv

1597799064667	geckodriver	INFO	Listening on 127.0.0.1:57684
1597799067600	mozrunner::runner	INFO	Running command: "C:\\Program Files\\Mozilla Firefox\\firefox.exe" "--marionette" "-foreground" "-no-remote" "-profile" "C:\\Users\\DEVELO~1\\AppData\\Local\\Temp\\rust_mozprofileWqmpsl"
JavaScript error: resource://gre/modules/XULStore.jsm, line 66: Error: Can't find profile directory.
console.error: SearchCache: "_readCacheFile: Error reading cache file:" (new Error("", "(unknown module)"))
1597799070689	Marionette	INFO	Listening on port 57693
1597799070713	Marionette	WARN	TLS certificate errors will be ignored for this session
1597799118914	geckodriver	INFO	Listening on 127.0.0.1:57813
1597799121918	mozrunner::runner	INFO	Running command: "C:\\Program Files\\Mozilla Firefox\\firefox.exe" "--marionette" "-foreground" "-no-remote" "-profile" "C:\\Users\\DEVELO~1\\AppData\\Local\\Temp\\rust_mozprofile5OTRMt"
JavaScript error: resource://gre/modules/XULStore.jsm, line 66: Error: Can't find profile directory.
console.error: SearchCache: "_readCacheFile: Error reading cache file:" (new Error("", "(unknown module)"))
1597799124898	Marionette	INFO	Listening on port 57825
1597799125026	Marionette	WARN	TLS certificate errors will be ignored for this session
1597799154224	geckodriver	INFO	Listening on 127.0.0.1:57903
1597799157258	mozrunner::runner	INFO	Running command: "C:\\Program Files\\Mozilla Firefox\\firefox.exe" "--marionette" "-foreground" "-no-remote" "-profile" "C:\\Users\\DEVELO~1\\AppData\\Local\\Temp\\rust_mozprofilePkwEhf"
JavaScript error: resource://gre/modules/XULStore.jsm, line 66: Error: Can't find profile directory.
console.error: SearchCache: "_readCacheFile: Error reading cache file:" (new Error("", "(unknown module)"))
1597799160405	Marionette	INFO	Listening on port 57912
1597799160868	Marionette	WARN	TLS certificate errors will be ignored for this session
1597803557088	geckodriver	INFO	Listening on 127.0.0.1:62245
1597803560060	mozrunner::runner	INFO	Running command: "C:\\Program Files\\Mozilla Firefox\\firefox.exe" "--marionette" "-foreground" "-no-remote" "-profile" "C:\\Users\\DEVELO~1\\AppData\\Local\\Temp\\rust_mozprofile0nIFOZ"
JavaScript error: resource://gre/modules/XULStore.jsm, line 66: Error: Can't find profile directory.
console.error: SearchCache: "_readCacheFile: Error reading cache file:" (new Error("", "(unknown module)"))
1597803564713	Marionette	INFO	Listening on port 62261
1597803564746	Marionette	WARN	TLS certificate errors will be ignored for this session
1597803738011	geckodriver	INFO	Listening on 127.0.0.1:62453
1597803741016	mozrunner::runner	INFO	Running command: "C:\\Program Files\\Mozilla Firefox\\firefox.exe" "--marionette" "-foreground" "-no-remote" "-profile" "C:\\Users\\DEVELO~1\\AppData\\Local\\Temp\\rust_mozprofileo2tiYJ"
JavaScript error: resource://gre/modules/XULStore.jsm, line 66: Error: Can't find profile directory.
console.error: SearchCache: "_readCacheFile: Error reading cache file:" (new Error("", "(unknown module)"))
1597803744186	Marionette	INFO	Listening on port 62463
1597803744628	Marionette	WARN	TLS certificate errors will be ignored for this session
1597803824561	geckodriver	INFO	Listening on 127.0.0.1:62624
1597803827557	mozrunner::runner	INFO	Running command: "C:\\Program Files\\Mozilla Firefox\\firefox.exe" "--marionette" "-foreground" "-no-remote" "-profile" "C:\\Users\\DEVELO~1\\AppData\\Local\\Temp\\rust_mozprofileQnIw5q"
JavaScript error: resource://gre/modules/XULStore.jsm, line 66: Error: Can't find profile directory.
console.error: SearchCache: "_readCacheFile: Error reading cache file:" (new Error("", "(unknown module)"))
1597803832210	Marionette	INFO	Listening on port 62635
1597803834173	Marionette	WARN	TLS certificate errors will be ignored for this session
1597804077935	geckodriver	INFO	Listening on 127.0.0.1:62870
1597804080907	mozrunner::runner	INFO	Running command: "C:\\Program Files\\Mozilla Firefox\\firefox.exe" "--marionette" "-foreground" "-no-remote" "-profile" "C:\\Users\\DEVELO~1\\AppData\\Local\\Temp\\rust_mozprofileHWFAVC"
JavaScript error: resource://gre/modules/XULStore.jsm, line 66: Error: Can't find profile directory.
console.error: SearchCache: "_readCacheFile: Error reading cache file:" (new Error("", "(unknown module)"))
1597804083904	Marionette	INFO	Listening on port 62880
1597804084014	Marionette	WARN	TLS certificate errors will be ignored for this session
[Child 1144, Chrome_ChildThread] WARNING: pipe error: 232: file /builds/worker/checkouts/gecko/ipc/chromium/src/chrome/common/ipc_channel_win.cc, line 524
1597804088421	Marionette	INFO	Stopped listening on port 62880

###!!! [Child][RunMessage] Error: Channel closing: too late to send/recv, messages will be lost


###!!! [Child][MessageChannel::SendAndWait] Error: Channel error: cannot send/recv

1597804139334	geckodriver	INFO	Listening on 127.0.0.1:62967
1597804142342	mozrunner::runner	INFO	Running command: "C:\\Program Files\\Mozilla Firefox\\firefox.exe" "--marionette" "-foreground" "-no-remote" "-profile" "C:\\Users\\DEVELO~1\\AppData\\Local\\Temp\\rust_mozprofileXMPjI8"
JavaScript error: resource://gre/modules/XULStore.jsm, line 66: Error: Can't find profile directory.
console.error: SearchCache: "_readCacheFile: Error reading cache file:" (new Error("", "(unknown module)"))
1597804145565	Marionette	INFO	Listening on port 62977
1597804145955	Marionette	WARN	TLS certificate errors will be ignored for this session
1597804154439	Marionette	INFO	Stopped listening on port 62977

###!!! [Child][MessageChannel::SendAndWait] Error: Channel error: cannot send/recv

1597804168627	geckodriver	INFO	Listening on 127.0.0.1:63053
1597804171625	mozrunner::runner	INFO	Running command: "C:\\Program Files\\Mozilla Firefox\\firefox.exe" "--marionette" "-foreground" "-no-remote" "-profile" "C:\\Users\\DEVELO~1\\AppData\\Local\\Temp\\rust_mozprofileRx8qzw"
JavaScript error: resource://gre/modules/XULStore.jsm, line 66: Error: Can't find profile directory.
console.error: SearchCache: "_readCacheFile: Error reading cache file:" (new Error("", "(unknown module)"))
1597804174676	Marionette	INFO	Listening on port 63064
1597804174736	Marionette	WARN	TLS certificate errors will be ignored for this session
1597804179629	Marionette	INFO	Stopped listening on port 63064

###!!! [Child][RunMessage] Error: Channel closing: too late to send/recv, messages will be lost


###!!! [Child][MessageChannel::SendAndWait] Error: Channel error: cannot send/recv

1597804485338	geckodriver	INFO	Listening on 127.0.0.1:63266
1597804488312	mozrunner::runner	INFO	Running command: "C:\\Program Files\\Mozilla Firefox\\firefox.exe" "--marionette" "-foreground" "-no-remote" "-profile" "C:\\Users\\DEVELO~1\\AppData\\Local\\Temp\\rust_mozprofile1T40Yd"
JavaScript error: resource://gre/modules/XULStore.jsm, line 66: Error: Can't find profile directory.
console.error: SearchCache: "_readCacheFile: Error reading cache file:" (new Error("", "(unknown module)"))
1597804491660	Marionette	INFO	Listening on port 63279
1597804491924	Marionette	WARN	TLS certificate errors will be ignored for this session
1597804535395	geckodriver	INFO	Listening on 127.0.0.1:63357
1597804538382	mozrunner::runner	INFO	Running command: "C:\\Program Files\\Mozilla Firefox\\firefox.exe" "--marionette" "-foreground" "-no-remote" "-profile" "C:\\Users\\DEVELO~1\\AppData\\Local\\Temp\\rust_mozprofile6qFQGj"
JavaScript error: resource://gre/modules/XULStore.jsm, line 66: Error: Can't find profile directory.
console.error: SearchCache: "_readCacheFile: Error reading cache file:" (new Error("", "(unknown module)"))
1597804541918	Marionette	INFO	Listening on port 63368
1597804541994	Marionette	WARN	TLS certificate errors will be ignored for this session
1597804584915	geckodriver	INFO	Listening on 127.0.0.1:63484
1597804587868	mozrunner::runner	INFO	Running command: "C:\\Program Files\\Mozilla Firefox\\firefox.exe" "--marionette" "-foreground" "-no-remote" "-profile" "C:\\Users\\DEVELO~1\\AppData\\Local\\Temp\\rust_mozprofilefjOiTK"
JavaScript error: resource://gre/modules/XULStore.jsm, line 66: Error: Can't find profile directory.
console.error: SearchCache: "_readCacheFile: Error reading cache file:" (new Error("", "(unknown module)"))
1597804591557	Marionette	INFO	Listening on port 63498
1597804591981	Marionette	WARN	TLS certificate errors will be ignored for this session
1597805531488	geckodriver	INFO	Listening on 127.0.0.1:64345
1597805534458	mozrunner::runner	INFO	Running command: "C:\\Program Files\\Mozilla Firefox\\firefox.exe" "--marionette" "-foreground" "-no-remote" "-profile" "C:\\Users\\DEVELO~1\\AppData\\Local\\Temp\\rust_mozprofilehtg7tp"
JavaScript error: resource://gre/modules/XULStore.jsm, line 66: Error: Can't find profile directory.
console.error: SearchCache: "_readCacheFile: Error reading cache file:" (new Error("", "(unknown module)"))
1597805537641	Marionette	INFO	Listening on port 64355
1597805538088	Marionette	WARN	TLS certificate errors will be ignored for this session
1597805705487	geckodriver	INFO	Listening on 127.0.0.1:64532
1597805708447	mozrunner::runner	INFO	Running command: "C:\\Program Files\\Mozilla Firefox\\firefox.exe" "--marionette" "-foreground" "-no-remote" "-profile" "C:\\Users\\DEVELO~1\\AppData\\Local\\Temp\\rust_mozprofilefRT1Ec"
JavaScript error: resource://gre/modules/XULStore.jsm, line 66: Error: Can't find profile directory.
console.error: SearchCache: "_readCacheFile: Error reading cache file:" (new Error("", "(unknown module)"))
1597805711590	Marionette	INFO	Listening on port 64541
1597805712059	Marionette	WARN	TLS certificate errors will be ignored for this session
1597805718117	Marionette	INFO	Stopped listening on port 64541

###!!! [Child][RunMessage] Error: Channel closing: too late to send/recv, messages will be lost


###!!! [Child][MessageChannel::SendAndWait] Error: Channel error: cannot send/recv

1597805834205	geckodriver	INFO	Listening on 127.0.0.1:64681
1597805837187	mozrunner::runner	INFO	Running command: "C:\\Program Files\\Mozilla Firefox\\firefox.exe" "--marionette" "-foreground" "-no-remote" "-profile" "C:\\Users\\DEVELO~1\\AppData\\Local\\Temp\\rust_mozprofileAdS23j"
JavaScript error: resource://gre/modules/XULStore.jsm, line 66: Error: Can't find profile directory.
console.error: SearchCache: "_readCacheFile: Error reading cache file:" (new Error("", "(unknown module)"))
1597805840623	Marionette	INFO	Listening on port 64693
1597805840799	Marionette	WARN	TLS certificate errors will be ignored for this session
1597805944864	geckodriver	INFO	Listening on 127.0.0.1:64837
1597805947838	mozrunner::runner	INFO	Running command: "C:\\Program Files\\Mozilla Firefox\\firefox.exe" "--marionette" "-foreground" "-no-remote" "-profile" "C:\\Users\\DEVELO~1\\AppData\\Local\\Temp\\rust_mozprofile9D0HTW"
JavaScript error: resource://gre/modules/XULStore.jsm, line 66: Error: Can't find profile directory.
console.error: SearchCache: "_readCacheFile: Error reading cache file:" (new Error("", "(unknown module)"))
1597805950945	Marionette	INFO	Listening on port 64846
1597805950954	Marionette	WARN	TLS certificate errors will be ignored for this session
1597805966263	Marionette	INFO	Stopped listening on port 64846

###!!! [Child][RunMessage] Error: Channel closing: too late to send/recv, messages will be lost


###!!! [Child][MessageChannel::SendAndWait] Error: Channel error: cannot send/recv

1597805982279	geckodriver	INFO	Listening on 127.0.0.1:64916
1597805985264	mozrunner::runner	INFO	Running command: "C:\\Program Files\\Mozilla Firefox\\firefox.exe" "--marionette" "-foreground" "-no-remote" "-profile" "C:\\Users\\DEVELO~1\\AppData\\Local\\Temp\\rust_mozprofileZ200K7"
JavaScript error: resource://gre/modules/XULStore.jsm, line 66: Error: Can't find profile directory.
console.error: SearchCache: "_readCacheFile: Error reading cache file:" (new Error("", "(unknown module)"))
1597805988825	Marionette	INFO	Listening on port 64926
1597805988875	Marionette	WARN	TLS certificate errors will be ignored for this session
1597806009854	geckodriver	INFO	Listening on 127.0.0.1:64991
1597806012790	mozrunner::runner	INFO	Running command: "C:\\Program Files\\Mozilla Firefox\\firefox.exe" "--marionette" "-foreground" "-no-remote" "-profile" "C:\\Users\\DEVELO~1\\AppData\\Local\\Temp\\rust_mozprofileBh60nL"
JavaScript error: resource://gre/modules/XULStore.jsm, line 66: Error: Can't find profile directory.
console.error: SearchCache: "_readCacheFile: Error reading cache file:" (new Error("", "(unknown module)"))
1597806016220	Marionette	INFO	Listening on port 65001
1597806016401	Marionette	WARN	TLS certificate errors will be ignored for this session
1597806040376	Marionette	INFO	Stopped listening on port 65001

###!!! [Child][RunMessage] Error: Channel closing: too late to send/recv, messages will be lost


###!!! [Child][MessageChannel::SendAndWait] Error: Channel error: cannot send/recv

1597806068759	geckodriver	INFO	Listening on 127.0.0.1:65091
1597806071741	mozrunner::runner	INFO	Running command: "C:\\Program Files\\Mozilla Firefox\\firefox.exe" "--marionette" "-foreground" "-no-remote" "-profile" "C:\\Users\\DEVELO~1\\AppData\\Local\\Temp\\rust_mozprofileYOw3eb"
JavaScript error: resource://gre/modules/XULStore.jsm, line 66: Error: Can't find profile directory.
console.error: SearchCache: "_readCacheFile: Error reading cache file:" (new Error("", "(unknown module)"))
1597806075296	Marionette	INFO	Listening on port 65102
1597806075356	Marionette	WARN	TLS certificate errors will be ignored for this session
1597806110171	geckodriver	INFO	Listening on 127.0.0.1:65187
1597806113148	mozrunner::runner	INFO	Running command: "C:\\Program Files\\Mozilla Firefox\\firefox.exe" "--marionette" "-foreground" "-no-remote" "-profile" "C:\\Users\\DEVELO~1\\AppData\\Local\\Temp\\rust_mozprofilehaBYaS"
JavaScript error: resource://gre/modules/XULStore.jsm, line 66: Error: Can't find profile directory.
console.error: SearchCache: "_readCacheFile: Error reading cache file:" (new Error("", "(unknown module)"))
1597806116243	Marionette	INFO	Listening on port 65195
1597806116262	Marionette	WARN	TLS certificate errors will be ignored for this session
1597806131780	Marionette	INFO	Stopped listening on port 65195

###!!! [Child][RunMessage] Error: Channel closing: too late to send/recv, messages will be lost


###!!! [Child][MessageChannel::SendAndWait] Error: Channel error: cannot send/recv

1597806318131	geckodriver	INFO	Listening on 127.0.0.1:65331
1597806321155	mozrunner::runner	INFO	Running command: "C:\\Program Files\\Mozilla Firefox\\firefox.exe" "--marionette" "-foreground" "-no-remote" "-profile" "C:\\Users\\DEVELO~1\\AppData\\Local\\Temp\\rust_mozprofile2uQJWe"
JavaScript error: resource://gre/modules/XULStore.jsm, line 66: Error: Can't find profile directory.
console.error: SearchCache: "_readCacheFile: Error reading cache file:" (new Error("", "(unknown module)"))
1597806329170	geckodriver	INFO	Listening on 127.0.0.1:65368
1597806332142	mozrunner::runner	INFO	Running command: "C:\\Program Files\\Mozilla Firefox\\firefox.exe" "--marionette" "-foreground" "-no-remote" "-profile" "C:\\Users\\DEVELO~1\\AppData\\Local\\Temp\\rust_mozprofilev3RUZV"
1597806760138	geckodriver	INFO	Listening on 127.0.0.1:49308
1597806763154	mozrunner::runner	INFO	Running command: "C:\\Program Files\\Mozilla Firefox\\firefox.exe" "--marionette" "-foreground" "-no-remote" "-profile" "C:\\Users\\DEVELO~1\\AppData\\Local\\Temp\\rust_mozprofile9YEl66"
JavaScript error: resource://gre/modules/XULStore.jsm, line 66: Error: Can't find profile directory.
console.error: SearchCache: "_readCacheFile: Error reading cache file:" (new Error("", "(unknown module)"))
1597806769896	Marionette	INFO	Listening on port 49317
1597806769974	Marionette	WARN	TLS certificate errors will be ignored for this session
1597806776244	Marionette	INFO	Stopped listening on port 49317

###!!! [Child][RunMessage] Error: Channel closing: too late to send/recv, messages will be lost


###!!! [Child][MessageChannel::SendAndWait] Error: Channel error: cannot send/recv

1597806893583	geckodriver	INFO	Listening on 127.0.0.1:49454
1597806896514	mozrunner::runner	INFO	Running command: "C:\\Program Files\\Mozilla Firefox\\firefox.exe" "--marionette" "-foreground" "-no-remote" "-profile" "C:\\Users\\DEVELO~1\\AppData\\Local\\Temp\\rust_mozprofileWWA27T"
JavaScript error: resource://gre/modules/XULStore.jsm, line 66: Error: Can't find profile directory.
console.error: SearchCache: "_readCacheFile: Error reading cache file:" (new Error("", "(unknown module)"))
1597806900242	Marionette	INFO	Listening on port 49468
1597806900627	Marionette	WARN	TLS certificate errors will be ignored for this session

###!!! [Child][MessageChannel] Error: (msgtype=0x5A000D,name=PHttpChannel::Msg_DeletingChannel) Channel closing: too late to send/recv, messages will be lost

1597806960696	geckodriver	INFO	Listening on 127.0.0.1:49558
1597806963635	mozrunner::runner	INFO	Running command: "C:\\Program Files\\Mozilla Firefox\\firefox.exe" "--marionette" "-foreground" "-no-remote" "-profile" "C:\\Users\\DEVELO~1\\AppData\\Local\\Temp\\rust_mozprofilevzwdt2"
JavaScript error: resource://gre/modules/XULStore.jsm, line 66: Error: Can't find profile directory.
console.error: SearchCache: "_readCacheFile: Error reading cache file:" (new Error("", "(unknown module)"))
1597806967343	Marionette	INFO	Listening on port 49566
1597806967746	Marionette	WARN	TLS certificate errors will be ignored for this session
1597806991996	Marionette	INFO	Stopped listening on port 49566

###!!! [Child][RunMessage] Error: Channel closing: too late to send/recv, messages will be lost


###!!! [Child][MessageChannel::SendAndWait] Error: Channel error: cannot send/recv

1597841920810	geckodriver	INFO	Listening on 127.0.0.1:52208
1597841923788	mozrunner::runner	INFO	Running command: "C:\\Program Files\\Mozilla Firefox\\firefox.exe" "--marionette" "-foreground" "-no-remote" "-profile" "C:\\Users\\DEVELO~1\\AppData\\Local\\Temp\\rust_mozprofileviiiip"
JavaScript error: resource://gre/modules/XULStore.jsm, line 66: Error: Can't find profile directory.
console.error: SearchCache: "_readCacheFile: Error reading cache file:" (new Error("", "(unknown module)"))
1597841927433	Marionette	INFO	Listening on port 52221
1597841927913	Marionette	WARN	TLS certificate errors will be ignored for this session
1597842003646	geckodriver	INFO	Listening on 127.0.0.1:52518
1597842006625	mozrunner::runner	INFO	Running command: "C:\\Program Files\\Mozilla Firefox\\firefox.exe" "--marionette" "-foreground" "-no-remote" "-profile" "C:\\Users\\DEVELO~1\\AppData\\Local\\Temp\\rust_mozprofilevXtJUE"
JavaScript error: resource://gre/modules/XULStore.jsm, line 66: Error: Can't find profile directory.
console.error: SearchCache: "_readCacheFile: Error reading cache file:" (new Error("", "(unknown module)"))
1597842009817	Marionette	INFO	Listening on port 52536
1597842010251	Marionette	WARN	TLS certificate errors will be ignored for this session
1597933192150	geckodriver	INFO	Listening on 127.0.0.1:51876
1597933195192	mozrunner::runner	INFO	Running command: "C:\\Program Files\\Mozilla Firefox\\firefox.exe" "--marionette" "-foreground" "-no-remote" "-profile" "C:\\Users\\DEVELO~1\\AppData\\Local\\Temp\\rust_mozprofilegFUFgz"
JavaScript error: resource://gre/modules/XULStore.jsm, line 66: Error: Can't find profile directory.
console.error: SearchCache: "_readCacheFile: Error reading cache file:" (new Error("", "(unknown module)"))
1597933198851	Marionette	INFO	Listening on port 51887
1597933199326	Marionette	WARN	TLS certificate errors will be ignored for this session
1597933334503	geckodriver	INFO	Listening on 127.0.0.1:52157
1597933337452	mozrunner::runner	INFO	Running command: "C:\\Program Files\\Mozilla Firefox\\firefox.exe" "--marionette" "-foreground" "-no-remote" "-profile" "C:\\Users\\DEVELO~1\\AppData\\Local\\Temp\\rust_mozprofiletKoZ5C"
JavaScript error: resource://gre/modules/XULStore.jsm, line 66: Error: Can't find profile directory.
console.error: SearchCache: "_readCacheFile: Error reading cache file:" (new Error("", "(unknown module)"))
1597933340885	Marionette	INFO	Listening on port 52166
1597933341070	Marionette	WARN	TLS certificate errors will be ignored for this session
1597933509071	geckodriver	INFO	Listening on 127.0.0.1:52423
1597933512034	mozrunner::runner	INFO	Running command: "C:\\Program Files\\Mozilla Firefox\\firefox.exe" "--marionette" "-foreground" "-no-remote" "-profile" "C:\\Users\\DEVELO~1\\AppData\\Local\\Temp\\rust_mozprofilerz69AV"
JavaScript error: resource://gre/modules/XULStore.jsm, line 66: Error: Can't find profile directory.
console.error: SearchCache: "_readCacheFile: Error reading cache file:" (new Error("", "(unknown module)"))
1597933514914	Marionette	INFO	Listening on port 52433
1597933515144	Marionette	WARN	TLS certificate errors will be ignored for this session
1597933620391	geckodriver	INFO	Listening on 127.0.0.1:52604
1597933623364	mozrunner::runner	INFO	Running command: "C:\\Program Files\\Mozilla Firefox\\firefox.exe" "--marionette" "-foreground" "-no-remote" "-profile" "C:\\Users\\DEVELO~1\\AppData\\Local\\Temp\\rust_mozprofile5BuMd6"
JavaScript error: resource://gre/modules/XULStore.jsm, line 66: Error: Can't find profile directory.
console.error: SearchCache: "_readCacheFile: Error reading cache file:" (new Error("", "(unknown module)"))
1597933626326	Marionette	INFO	Listening on port 52616
1597933626482	Marionette	WARN	TLS certificate errors will be ignored for this session
1597933668131	geckodriver	INFO	Listening on 127.0.0.1:52711
1597933671157	mozrunner::runner	INFO	Running command: "C:\\Program Files\\Mozilla Firefox\\firefox.exe" "--marionette" "-foreground" "-no-remote" "-profile" "C:\\Users\\DEVELO~1\\AppData\\Local\\Temp\\rust_mozprofileRONTpX"
JavaScript error: resource://gre/modules/XULStore.jsm, line 66: Error: Can't find profile directory.
console.error: SearchCache: "_readCacheFile: Error reading cache file:" (new Error("", "(unknown module)"))
1597933674128	Marionette	INFO	Listening on port 52721
1597933674268	Marionette	WARN	TLS certificate errors will be ignored for this session
1597933763144	geckodriver	INFO	Listening on 127.0.0.1:52876
1597933766621	mozrunner::runner	INFO	Running command: "C:\\Program Files\\Mozilla Firefox\\firefox.exe" "--marionette" "-foreground" "-no-remote" "-profile" "C:\\Users\\DEVELO~1\\AppData\\Local\\Temp\\rust_mozprofile7znVlk"
JavaScript error: resource://gre/modules/XULStore.jsm, line 66: Error: Can't find profile directory.
console.error: SearchCache: "_readCacheFile: Error reading cache file:" (new Error("", "(unknown module)"))
1597933769467	Marionette	INFO	Listening on port 52886
1597933769732	Marionette	WARN	TLS certificate errors will be ignored for this session
1597934070503	geckodriver	INFO	Listening on 127.0.0.1:53312
1597934073472	mozrunner::runner	INFO	Running command: "C:\\Program Files\\Mozilla Firefox\\firefox.exe" "--marionette" "-foreground" "-no-remote" "-profile" "C:\\Users\\DEVELO~1\\AppData\\Local\\Temp\\rust_mozprofileRklbAD"
JavaScript error: resource://gre/modules/XULStore.jsm, line 66: Error: Can't find profile directory.
console.error: SearchCache: "_readCacheFile: Error reading cache file:" (new Error("", "(unknown module)"))
1597934076316	Marionette	INFO	Listening on port 53323
1597934076590	Marionette	WARN	TLS certificate errors will be ignored for this session
1597934131715	geckodriver	INFO	Listening on 127.0.0.1:50315
1597934134674	mozrunner::runner	INFO	Running command: "C:\\Program Files\\Mozilla Firefox\\firefox.exe" "--marionette" "-foreground" "-no-remote" "-profile" "C:\\Users\\DEVELO~1\\AppData\\Local\\Temp\\rust_mozprofileOsiCkv"
JavaScript error: resource://gre/modules/XULStore.jsm, line 66: Error: Can't find profile directory.
console.error: SearchCache: "_readCacheFile: Error reading cache file:" (new Error("", "(unknown module)"))
1597934137634	Marionette	INFO	Listening on port 50335
1597934137787	Marionette	WARN	TLS certificate errors will be ignored for this session
1597934258699	geckodriver	INFO	Listening on 127.0.0.1:50598
1597934261708	mozrunner::runner	INFO	Running command: "C:\\Program Files\\Mozilla Firefox\\firefox.exe" "--marionette" "-foreground" "-no-remote" "-profile" "C:\\Users\\DEVELO~1\\AppData\\Local\\Temp\\rust_mozprofileCQjRo0"
JavaScript error: resource://gre/modules/XULStore.jsm, line 66: Error: Can't find profile directory.
console.error: SearchCache: "_readCacheFile: Error reading cache file:" (new Error("", "(unknown module)"))
1597934264584	Marionette	INFO	Listening on port 50608
1597934264825	Marionette	WARN	TLS certificate errors will be ignored for this session
1597934374609	geckodriver	INFO	Listening on 127.0.0.1:53501
1597934377571	mozrunner::runner	INFO	Running command: "C:\\Program Files\\Mozilla Firefox\\firefox.exe" "--marionette" "-foreground" "-no-remote" "-profile" "C:\\Users\\DEVELO~1\\AppData\\Local\\Temp\\rust_mozprofileO66W04"
JavaScript error: resource://gre/modules/XULStore.jsm, line 66: Error: Can't find profile directory.
console.error: SearchCache: "_readCacheFile: Error reading cache file:" (new Error("", "(unknown module)"))
1597934380986	Marionette	INFO	Listening on port 53511
1597934381183	Marionette	WARN	TLS certificate errors will be ignored for this session
1597941936818	geckodriver	INFO	Listening on 127.0.0.1:57135
1597941939790	mozrunner::runner	INFO	Running command: "C:\\Program Files\\Mozilla Firefox\\firefox.exe" "--marionette" "-foreground" "-no-remote" "-profile" "C:\\Users\\DEVELO~1\\AppData\\Local\\Temp\\rust_mozprofilej8kx2W"
JavaScript error: resource://gre/modules/XULStore.jsm, line 66: Error: Can't find profile directory.
console.error: SearchCache: "_readCacheFile: Error reading cache file:" (new Error("", "(unknown module)"))
1597941943438	Marionette	INFO	Listening on port 57145
1597941943908	Marionette	WARN	TLS certificate errors will be ignored for this session
1597942011504	geckodriver	INFO	Listening on 127.0.0.1:57353
1597942014494	mozrunner::runner	INFO	Running command: "C:\\Program Files\\Mozilla Firefox\\firefox.exe" "--marionette" "-foreground" "-no-remote" "-profile" "C:\\Users\\DEVELO~1\\AppData\\Local\\Temp\\rust_mozprofileW6QPi9"
JavaScript error: resource://gre/modules/XULStore.jsm, line 66: Error: Can't find profile directory.
console.error: SearchCache: "_readCacheFile: Error reading cache file:" (new Error("", "(unknown module)"))
1597942018745	Marionette	INFO	Listening on port 57373
1597942018813	Marionette	WARN	TLS certificate errors will be ignored for this session
1597942120455	geckodriver	INFO	Listening on 127.0.0.1:57644
1597942123425	mozrunner::runner	INFO	Running command: "C:\\Program Files\\Mozilla Firefox\\firefox.exe" "--marionette" "-foreground" "-no-remote" "-profile" "C:\\Users\\DEVELO~1\\AppData\\Local\\Temp\\rust_mozprofilegrPZmr"
JavaScript error: resource://gre/modules/XULStore.jsm, line 66: Error: Can't find profile directory.
console.error: SearchCache: "_readCacheFile: Error reading cache file:" (new Error("", "(unknown module)"))
1597942126524	Marionette	INFO	Listening on port 57657
1597942126536	Marionette	WARN	TLS certificate errors will be ignored for this session
1597942135639	Marionette	INFO	Stopped listening on port 57657

###!!! [Child][RunMessage] Error: Channel closing: too late to send/recv, messages will be lost


###!!! [Child][MessageChannel::SendAndWait] Error: Channel error: cannot send/recv

1597942157459	geckodriver	INFO	Listening on 127.0.0.1:57774
1597942160472	mozrunner::runner	INFO	Running command: "C:\\Program Files\\Mozilla Firefox\\firefox.exe" "--marionette" "-foreground" "-no-remote" "-profile" "C:\\Users\\DEVELO~1\\AppData\\Local\\Temp\\rust_mozprofileegl1Yn"
JavaScript error: resource://gre/modules/XULStore.jsm, line 66: Error: Can't find profile directory.
console.error: SearchCache: "_readCacheFile: Error reading cache file:" (new Error("", "(unknown module)"))
1597942163665	Marionette	INFO	Listening on port 57785
1597942164082	Marionette	WARN	TLS certificate errors will be ignored for this session
1597942276683	geckodriver	INFO	Listening on 127.0.0.1:58003
1597942279644	mozrunner::runner	INFO	Running command: "C:\\Program Files\\Mozilla Firefox\\firefox.exe" "--marionette" "-foreground" "-no-remote" "-profile" "C:\\Users\\DEVELO~1\\AppData\\Local\\Temp\\rust_mozprofileek21wX"
JavaScript error: resource://gre/modules/XULStore.jsm, line 66: Error: Can't find profile directory.
console.error: SearchCache: "_readCacheFile: Error reading cache file:" (new Error("", "(unknown module)"))
1597942282913	Marionette	INFO	Listening on port 58013
1597942283270	Marionette	WARN	TLS certificate errors will be ignored for this session
1597959070989	geckodriver	INFO	Listening on 127.0.0.1:65024
1597959073996	mozrunner::runner	INFO	Running command: "C:\\Program Files\\Mozilla Firefox\\firefox.exe" "--marionette" "-foreground" "-no-remote" "-profile" "C:\\Users\\DEVELO~1\\AppData\\Local\\Temp\\rust_mozprofilefoTQB4"
JavaScript error: resource://gre/modules/XULStore.jsm, line 66: Error: Can't find profile directory.
console.error: SearchCache: "_readCacheFile: Error reading cache file:" (new Error("", "(unknown module)"))
1597959077704	Marionette	INFO	Listening on port 65036
1597959078116	Marionette	WARN	TLS certificate errors will be ignored for this session
1597959616357	geckodriver	INFO	Listening on 127.0.0.1:58825
1597959619348	mozrunner::runner	INFO	Running command: "C:\\Program Files\\Mozilla Firefox\\firefox.exe" "--marionette" "-foreground" "-no-remote" "-profile" "C:\\Users\\DEVELO~1\\AppData\\Local\\Temp\\rust_mozprofileYUY8YF"
JavaScript error: resource://gre/modules/XULStore.jsm, line 66: Error: Can't find profile directory.
console.error: SearchCache: "_readCacheFile: Error reading cache file:" (new Error("", "(unknown module)"))
1597959622459	Marionette	INFO	Listening on port 58838
1597959622960	Marionette	WARN	TLS certificate errors will be ignored for this session
1597959680455	geckodriver	INFO	Listening on 127.0.0.1:58956
1597959683389	mozrunner::runner	INFO	Running command: "C:\\Program Files\\Mozilla Firefox\\firefox.exe" "--marionette" "-foreground" "-no-remote" "-profile" "C:\\Users\\DEVELO~1\\AppData\\Local\\Temp\\rust_mozprofileFv3yxi"
JavaScript error: resource://gre/modules/XULStore.jsm, line 66: Error: Can't find profile directory.
console.error: SearchCache: "_readCacheFile: Error reading cache file:" (new Error("", "(unknown module)"))
1597959686699	Marionette	INFO	Listening on port 58980
1597959686750	Marionette	WARN	TLS certificate errors will be ignored for this session
1597959833834	geckodriver	INFO	Listening on 127.0.0.1:59333
1597959836774	mozrunner::runner	INFO	Running command: "C:\\Program Files\\Mozilla Firefox\\firefox.exe" "--marionette" "-foreground" "-no-remote" "-profile" "C:\\Users\\DEVELO~1\\AppData\\Local\\Temp\\rust_mozprofileF9kQup"
JavaScript error: resource://gre/modules/XULStore.jsm, line 66: Error: Can't find profile directory.
console.error: SearchCache: "_readCacheFile: Error reading cache file:" (new Error("", "(unknown module)"))
1597959840176	Marionette	INFO	Listening on port 59346
1597959840385	Marionette	WARN	TLS certificate errors will be ignored for this session
1597959876119	geckodriver	INFO	Listening on 127.0.0.1:59452
1597959879115	mozrunner::runner	INFO	Running command: "C:\\Program Files\\Mozilla Firefox\\firefox.exe" "--marionette" "-foreground" "-no-remote" "-profile" "C:\\Users\\DEVELO~1\\AppData\\Local\\Temp\\rust_mozprofile4qiXsR"
JavaScript error: resource://gre/modules/XULStore.jsm, line 66: Error: Can't find profile directory.
console.error: SearchCache: "_readCacheFile: Error reading cache file:" (new Error("", "(unknown module)"))
1597959883552	Marionette	INFO	Listening on port 59465
1597959883840	Marionette	WARN	TLS certificate errors will be ignored for this session
1597959987948	geckodriver	INFO	Listening on 127.0.0.1:59800
1597959990909	mozrunner::runner	INFO	Running command: "C:\\Program Files\\Mozilla Firefox\\firefox.exe" "--marionette" "-foreground" "-no-remote" "-profile" "C:\\Users\\DEVELO~1\\AppData\\Local\\Temp\\rust_mozprofile6ipisq"
JavaScript error: resource://gre/modules/XULStore.jsm, line 66: Error: Can't find profile directory.
console.error: SearchCache: "_readCacheFile: Error reading cache file:" (new Error("", "(unknown module)"))
1597959994110	Marionette	INFO	Listening on port 59811
1597959994523	Marionette	WARN	TLS certificate errors will be ignored for this session
1597960102936	geckodriver	INFO	Listening on 127.0.0.1:60102
1597960123789	geckodriver	INFO	Listening on 127.0.0.1:60133
1597960126760	mozrunner::runner	INFO	Running command: "C:\\Program Files\\Mozilla Firefox\\firefox.exe" "--marionette" "-foreground" "-no-remote" "-profile" "C:\\Users\\DEVELO~1\\AppData\\Local\\Temp\\rust_mozprofileqiJXsO"
JavaScript error: resource://gre/modules/XULStore.jsm, line 66: Error: Can't find profile directory.
console.error: SearchCache: "_readCacheFile: Error reading cache file:" (new Error("", "(unknown module)"))
1597960130257	Marionette	INFO	Listening on port 60145
1597960130373	Marionette	WARN	TLS certificate errors will be ignored for this session
1597961667135	geckodriver	INFO	Listening on 127.0.0.1:49954
1597961670146	mozrunner::runner	INFO	Running command: "C:\\Program Files\\Mozilla Firefox\\firefox.exe" "--marionette" "-foreground" "-no-remote" "-profile" "C:\\Users\\DEVELO~1\\AppData\\Local\\Temp\\rust_mozprofilefFa9Ft"
1597961679249	geckodriver	INFO	Listening on 127.0.0.1:49984
1597961682166	mozrunner::runner	INFO	Running command: "C:\\Program Files\\Mozilla Firefox\\firefox.exe" "--marionette" "-foreground" "-no-remote" "-profile" "C:\\Users\\DEVELO~1\\AppData\\Local\\Temp\\rust_mozprofileTmdbtj"
JavaScript error: resource://gre/modules/XULStore.jsm, line 66: Error: Can't find profile directory.
console.error: SearchCache: "_readCacheFile: Error reading cache file:" (new Error("", "(unknown module)"))
1597961685226	Marionette	INFO	Listening on port 49994
1597961685287	Marionette	WARN	TLS certificate errors will be ignored for this session
1597961810427	geckodriver	INFO	Listening on 127.0.0.1:57045
1597961813383	mozrunner::runner	INFO	Running command: "C:\\Program Files\\Mozilla Firefox\\firefox.exe" "--marionette" "-foreground" "-no-remote" "-profile" "C:\\Users\\DEVELO~1\\AppData\\Local\\Temp\\rust_mozprofileKVT8gQ"
JavaScript error: resource://gre/modules/XULStore.jsm, line 66: Error: Can't find profile directory.
console.error: SearchCache: "_readCacheFile: Error reading cache file:" (new Error("", "(unknown module)"))
1597961816265	Marionette	INFO	Listening on port 57056
1597961816498	Marionette	WARN	TLS certificate errors will be ignored for this session
1597961955036	geckodriver	INFO	Listening on 127.0.0.1:57343
1597961958009	mozrunner::runner	INFO	Running command: "C:\\Program Files\\Mozilla Firefox\\firefox.exe" "--marionette" "-foreground" "-no-remote" "-profile" "C:\\Users\\DEVELO~1\\AppData\\Local\\Temp\\rust_mozprofileKp0q8w"
JavaScript error: resource://gre/modules/XULStore.jsm, line 66: Error: Can't find profile directory.
console.error: SearchCache: "_readCacheFile: Error reading cache file:" (new Error("", "(unknown module)"))
1597961960977	Marionette	INFO	Listening on port 57355
1597961961129	Marionette	WARN	TLS certificate errors will be ignored for this session
1597962168037	geckodriver	INFO	Listening on 127.0.0.1:57819
1597962171013	mozrunner::runner	INFO	Running command: "C:\\Program Files\\Mozilla Firefox\\firefox.exe" "--marionette" "-foreground" "-no-remote" "-profile" "C:\\Users\\DEVELO~1\\AppData\\Local\\Temp\\rust_mozprofile5LGlO0"
JavaScript error: resource://gre/modules/XULStore.jsm, line 66: Error: Can't find profile directory.
console.error: SearchCache: "_readCacheFile: Error reading cache file:" (new Error("", "(unknown module)"))
1597962174444	Marionette	INFO	Listening on port 57827
1597962174639	Marionette	WARN	TLS certificate errors will be ignored for this session
1597962258826	geckodriver	INFO	Listening on 127.0.0.1:57972
1597962261786	mozrunner::runner	INFO	Running command: "C:\\Program Files\\Mozilla Firefox\\firefox.exe" "--marionette" "-foreground" "-no-remote" "-profile" "C:\\Users\\DEVELO~1\\AppData\\Local\\Temp\\rust_mozprofilea1kCph"
JavaScript error: resource://gre/modules/XULStore.jsm, line 66: Error: Can't find profile directory.
console.error: SearchCache: "_readCacheFile: Error reading cache file:" (new Error("", "(unknown module)"))
1597962264921	Marionette	INFO	Listening on port 57983
1597962265399	Marionette	WARN	TLS certificate errors will be ignored for this session
1598026151329	geckodriver	INFO	Listening on 127.0.0.1:56615
1598026154300	mozrunner::runner	INFO	Running command: "C:\\Program Files\\Mozilla Firefox\\firefox.exe" "--marionette" "-foreground" "-no-remote" "-profile" "C:\\Users\\DEVELO~1\\AppData\\Local\\Temp\\rust_mozprofile7qzO4j"
JavaScript error: resource://gre/modules/XULStore.jsm, line 66: Error: Can't find profile directory.
console.error: SearchCache: "_readCacheFile: Error reading cache file:" (new Error("", "(unknown module)"))
1598026158066	Marionette	INFO	Listening on port 56625
1598026158414	Marionette	WARN	TLS certificate errors will be ignored for this session
1598026224147	geckodriver	INFO	Listening on 127.0.0.1:56799
1598026227100	mozrunner::runner	INFO	Running command: "C:\\Program Files\\Mozilla Firefox\\firefox.exe" "--marionette" "-foreground" "-no-remote" "-profile" "C:\\Users\\DEVELO~1\\AppData\\Local\\Temp\\rust_mozprofileFr91QX"
JavaScript error: resource://gre/modules/XULStore.jsm, line 66: Error: Can't find profile directory.
console.error: SearchCache: "_readCacheFile: Error reading cache file:" (new Error("", "(unknown module)"))
1598026230069	Marionette	INFO	Listening on port 56810
1598026230214	Marionette	WARN	TLS certificate errors will be ignored for this session
1598026326808	geckodriver	INFO	Listening on 127.0.0.1:56993
1598026329766	mozrunner::runner	INFO	Running command: "C:\\Program Files\\Mozilla Firefox\\firefox.exe" "--marionette" "-foreground" "-no-remote" "-profile" "C:\\Users\\DEVELO~1\\AppData\\Local\\Temp\\rust_mozprofiley8MeOM"
JavaScript error: resource://gre/modules/XULStore.jsm, line 66: Error: Can't find profile directory.
console.error: SearchCache: "_readCacheFile: Error reading cache file:" (new Error("", "(unknown module)"))
1598026332864	Marionette	INFO	Listening on port 57005
1598026332883	Marionette	WARN	TLS certificate errors will be ignored for this session
1598026371446	geckodriver	INFO	Listening on 127.0.0.1:57127
1598026374383	mozrunner::runner	INFO	Running command: "C:\\Program Files\\Mozilla Firefox\\firefox.exe" "--marionette" "-foreground" "-no-remote" "-profile" "C:\\Users\\DEVELO~1\\AppData\\Local\\Temp\\rust_mozprofilevcOpRc"
JavaScript error: resource://gre/modules/XULStore.jsm, line 66: Error: Can't find profile directory.
console.error: SearchCache: "_readCacheFile: Error reading cache file:" (new Error("", "(unknown module)"))
1598026377754	Marionette	INFO	Listening on port 57137
1598026377993	Marionette	WARN	TLS certificate errors will be ignored for this session
1598026714203	geckodriver	INFO	Listening on 127.0.0.1:57725
1598026717192	mozrunner::runner	INFO	Running command: "C:\\Program Files\\Mozilla Firefox\\firefox.exe" "--marionette" "-foreground" "-no-remote" "-profile" "C:\\Users\\DEVELO~1\\AppData\\Local\\Temp\\rust_mozprofileUtVEee"
JavaScript error: resource://gre/modules/XULStore.jsm, line 66: Error: Can't find profile directory.
console.error: SearchCache: "_readCacheFile: Error reading cache file:" (new Error("", "(unknown module)"))
1598026720728	Marionette	INFO	Listening on port 57737
1598026720807	Marionette	WARN	TLS certificate errors will be ignored for this session
1598026910581	geckodriver	INFO	Listening on 127.0.0.1:58157
1598026913578	mozrunner::runner	INFO	Running command: "C:\\Program Files\\Mozilla Firefox\\firefox.exe" "--marionette" "-foreground" "-no-remote" "-profile" "C:\\Users\\DEVELO~1\\AppData\\Local\\Temp\\rust_mozprofile3HxEku"
JavaScript error: resource://gre/modules/XULStore.jsm, line 66: Error: Can't find profile directory.
console.error: SearchCache: "_readCacheFile: Error reading cache file:" (new Error("", "(unknown module)"))
1598026916662	Marionette	INFO	Listening on port 58167
1598026916698	Marionette	WARN	TLS certificate errors will be ignored for this session
1598027050396	geckodriver	INFO	Listening on 127.0.0.1:58539
1598027053327	mozrunner::runner	INFO	Running command: "C:\\Program Files\\Mozilla Firefox\\firefox.exe" "--marionette" "-foreground" "-no-remote" "-profile" "C:\\Users\\DEVELO~1\\AppData\\Local\\Temp\\rust_mozprofileqDOSsK"
JavaScript error: resource://gre/modules/XULStore.jsm, line 66: Error: Can't find profile directory.
console.error: SearchCache: "_readCacheFile: Error reading cache file:" (new Error("", "(unknown module)"))
1598027057164	Marionette	INFO	Listening on port 58550
1598027057438	Marionette	WARN	TLS certificate errors will be ignored for this session
1598027159958	geckodriver	INFO	Listening on 127.0.0.1:58786
1598027162904	mozrunner::runner	INFO	Running command: "C:\\Program Files\\Mozilla Firefox\\firefox.exe" "--marionette" "-foreground" "-no-remote" "-profile" "C:\\Users\\DEVELO~1\\AppData\\Local\\Temp\\rust_mozprofileFB8YJP"
JavaScript error: resource://gre/modules/XULStore.jsm, line 66: Error: Can't find profile directory.
console.error: SearchCache: "_readCacheFile: Error reading cache file:" (new Error("", "(unknown module)"))
1598027165784	Marionette	INFO	Listening on port 58796
1598027166020	Marionette	WARN	TLS certificate errors will be ignored for this session
1598027175603	geckodriver	INFO	Listening on 127.0.0.1:58869
1598027178602	mozrunner::runner	INFO	Running command: "C:\\Program Files\\Mozilla Firefox\\firefox.exe" "--marionette" "-foreground" "-no-remote" "-profile" "C:\\Users\\DEVELO~1\\AppData\\Local\\Temp\\rust_mozprofilecZke34"
JavaScript error: resource://gre/modules/XULStore.jsm, line 66: Error: Can't find profile directory.
console.error: SearchCache: "_readCacheFile: Error reading cache file:" (new Error("", "(unknown module)"))
1598027181495	Marionette	INFO	Listening on port 58879
1598027181714	Marionette	WARN	TLS certificate errors will be ignored for this session
1598027383512	geckodriver	INFO	Listening on 127.0.0.1:59296
1598027386481	mozrunner::runner	INFO	Running command: "C:\\Program Files\\Mozilla Firefox\\firefox.exe" "--marionette" "-foreground" "-no-remote" "-profile" "C:\\Users\\DEVELO~1\\AppData\\Local\\Temp\\rust_mozprofilezAM8rj"
JavaScript error: resource://gre/modules/XULStore.jsm, line 66: Error: Can't find profile directory.
console.error: SearchCache: "_readCacheFile: Error reading cache file:" (new Error("", "(unknown module)"))
1598027390450	Marionette	INFO	Listening on port 59308
1598027390596	Marionette	WARN	TLS certificate errors will be ignored for this session
1598027480021	geckodriver	INFO	Listening on 127.0.0.1:59512
1598027483005	mozrunner::runner	INFO	Running command: "C:\\Program Files\\Mozilla Firefox\\firefox.exe" "--marionette" "-foreground" "-no-remote" "-profile" "C:\\Users\\DEVELO~1\\AppData\\Local\\Temp\\rust_mozprofilezqT7bk"
JavaScript error: resource://gre/modules/XULStore.jsm, line 66: Error: Can't find profile directory.
console.error: SearchCache: "_readCacheFile: Error reading cache file:" (new Error("", "(unknown module)"))
1598027486376	Marionette	INFO	Listening on port 59523
1598027486614	Marionette	WARN	TLS certificate errors will be ignored for this session
1598042135695	geckodriver	INFO	Listening on 127.0.0.1:65380
1598042138651	mozrunner::runner	INFO	Running command: "C:\\Program Files\\Mozilla Firefox\\firefox.exe" "--marionette" "-foreground" "-no-remote" "-profile" "C:\\Users\\DEVELO~1\\AppData\\Local\\Temp\\rust_mozprofile71qlan"
JavaScript error: resource://gre/modules/XULStore.jsm, line 66: Error: Can't find profile directory.
console.error: SearchCache: "_readCacheFile: Error reading cache file:" (new Error("", "(unknown module)"))
1598042142604	Marionette	INFO	Listening on port 65399
1598042142764	Marionette	WARN	TLS certificate errors will be ignored for this session
1598042220052	geckodriver	INFO	Listening on 127.0.0.1:49187
1598042222988	mozrunner::runner	INFO	Running command: "C:\\Program Files\\Mozilla Firefox\\firefox.exe" "--marionette" "-foreground" "-no-remote" "-profile" "C:\\Users\\DEVELO~1\\AppData\\Local\\Temp\\rust_mozprofileTLMCF7"
JavaScript error: resource://gre/modules/XULStore.jsm, line 66: Error: Can't find profile directory.
console.error: SearchCache: "_readCacheFile: Error reading cache file:" (new Error("", "(unknown module)"))
1598042227093	Marionette	INFO	Listening on port 49198
1598042227126	Marionette	WARN	TLS certificate errors will be ignored for this session
1598042671083	geckodriver	INFO	Listening on 127.0.0.1:49891
1598042674067	mozrunner::runner	INFO	Running command: "C:\\Program Files\\Mozilla Firefox\\firefox.exe" "--marionette" "-foreground" "-no-remote" "-profile" "C:\\Users\\DEVELO~1\\AppData\\Local\\Temp\\rust_mozprofileF48kiv"
JavaScript error: resource://gre/modules/XULStore.jsm, line 66: Error: Can't find profile directory.
console.error: SearchCache: "_readCacheFile: Error reading cache file:" (new Error("", "(unknown module)"))
1598042677070	Marionette	INFO	Listening on port 49901
1598042677200	Marionette	WARN	TLS certificate errors will be ignored for this session
1598043078807	geckodriver	INFO	Listening on 127.0.0.1:50472
1598043081766	mozrunner::runner	INFO	Running command: "C:\\Program Files\\Mozilla Firefox\\firefox.exe" "--marionette" "-foreground" "-no-remote" "-profile" "C:\\Users\\DEVELO~1\\AppData\\Local\\Temp\\rust_mozprofilegKCX1F"
JavaScript error: resource://gre/modules/XULStore.jsm, line 66: Error: Can't find profile directory.
console.error: SearchCache: "_readCacheFile: Error reading cache file:" (new Error("", "(unknown module)"))
1598043085133	Marionette	INFO	Listening on port 50485
1598043085377	Marionette	WARN	TLS certificate errors will be ignored for this session
1598043260568	geckodriver	INFO	Listening on 127.0.0.1:50784
1598043263561	mozrunner::runner	INFO	Running command: "C:\\Program Files\\Mozilla Firefox\\firefox.exe" "--marionette" "-foreground" "-no-remote" "-profile" "C:\\Users\\DEVELO~1\\AppData\\Local\\Temp\\rust_mozprofilerx4jnd"
JavaScript error: resource://gre/modules/XULStore.jsm, line 66: Error: Can't find profile directory.
console.error: SearchCache: "_readCacheFile: Error reading cache file:" (new Error("", "(unknown module)"))
1598043267398	Marionette	INFO	Listening on port 50795
1598043267675	Marionette	WARN	TLS certificate errors will be ignored for this session
1598043678994	geckodriver	INFO	Listening on 127.0.0.1:51401
1598043681993	mozrunner::runner	INFO	Running command: "C:\\Program Files\\Mozilla Firefox\\firefox.exe" "--marionette" "-foreground" "-no-remote" "-profile" "C:\\Users\\DEVELO~1\\AppData\\Local\\Temp\\rust_mozprofileMObPHD"
JavaScript error: resource://gre/modules/XULStore.jsm, line 66: Error: Can't find profile directory.
console.error: SearchCache: "_readCacheFile: Error reading cache file:" (new Error("", "(unknown module)"))
1598043685979	Marionette	INFO	Listening on port 51418
1598043686122	Marionette	WARN	TLS certificate errors will be ignored for this session
1598043783890	geckodriver	INFO	Listening on 127.0.0.1:51668
1598043786827	mozrunner::runner	INFO	Running command: "C:\\Program Files\\Mozilla Firefox\\firefox.exe" "--marionette" "-foreground" "-no-remote" "-profile" "C:\\Users\\DEVELO~1\\AppData\\Local\\Temp\\rust_mozprofileTpuTRf"
JavaScript error: resource://gre/modules/XULStore.jsm, line 66: Error: Can't find profile directory.
console.error: SearchCache: "_readCacheFile: Error reading cache file:" (new Error("", "(unknown module)"))
1598043790704	Marionette	INFO	Listening on port 51684
1598043790944	Marionette	WARN	TLS certificate errors will be ignored for this session
1598043990935	geckodriver	INFO	Listening on 127.0.0.1:51993
1598043993942	mozrunner::runner	INFO	Running command: "C:\\Program Files\\Mozilla Firefox\\firefox.exe" "--marionette" "-foreground" "-no-remote" "-profile" "C:\\Users\\DEVELO~1\\AppData\\Local\\Temp\\rust_mozprofilee3EXWz"
JavaScript error: resource://gre/modules/XULStore.jsm, line 66: Error: Can't find profile directory.
console.error: SearchCache: "_readCacheFile: Error reading cache file:" (new Error("", "(unknown module)"))
1598043998020	Marionette	INFO	Listening on port 52007
1598043998101	Marionette	WARN	TLS certificate errors will be ignored for this session
1598044125598	geckodriver	INFO	Listening on 127.0.0.1:52403
1598044128585	mozrunner::runner	INFO	Running command: "C:\\Program Files\\Mozilla Firefox\\firefox.exe" "--marionette" "-foreground" "-no-remote" "-profile" "C:\\Users\\DEVELO~1\\AppData\\Local\\Temp\\rust_mozprofile9UZcIa"
JavaScript error: resource://gre/modules/XULStore.jsm, line 66: Error: Can't find profile directory.
console.error: SearchCache: "_readCacheFile: Error reading cache file:" (new Error("", "(unknown module)"))
1598044132024	Marionette	INFO	Listening on port 52417
1598044132199	Marionette	WARN	TLS certificate errors will be ignored for this session
1598044175440	geckodriver	INFO	Listening on 127.0.0.1:52580
1598044178377	mozrunner::runner	INFO	Running command: "C:\\Program Files\\Mozilla Firefox\\firefox.exe" "--marionette" "-foreground" "-no-remote" "-profile" "C:\\Users\\DEVELO~1\\AppData\\Local\\Temp\\rust_mozprofile1VC8XP"
JavaScript error: resource://gre/modules/XULStore.jsm, line 66: Error: Can't find profile directory.
console.error: SearchCache: "_readCacheFile: Error reading cache file:" (new Error("", "(unknown module)"))
1598044181692	Marionette	INFO	Listening on port 52591
1598044181997	Marionette	WARN	TLS certificate errors will be ignored for this session
1598044225339	geckodriver	INFO	Listening on 127.0.0.1:52752
1598044228365	mozrunner::runner	INFO	Running command: "C:\\Program Files\\Mozilla Firefox\\firefox.exe" "--marionette" "-foreground" "-no-remote" "-profile" "C:\\Users\\DEVELO~1\\AppData\\Local\\Temp\\rust_mozprofilesT0Gss"
JavaScript error: resource://gre/modules/XULStore.jsm, line 66: Error: Can't find profile directory.
console.error: SearchCache: "_readCacheFile: Error reading cache file:" (new Error("", "(unknown module)"))
1598044231306	Marionette	INFO	Listening on port 52763
1598044231478	Marionette	WARN	TLS certificate errors will be ignored for this session
1598044372610	geckodriver	INFO	Listening on 127.0.0.1:53009
1598044375562	mozrunner::runner	INFO	Running command: "C:\\Program Files\\Mozilla Firefox\\firefox.exe" "--marionette" "-foreground" "-no-remote" "-profile" "C:\\Users\\DEVELO~1\\AppData\\Local\\Temp\\rust_mozprofiles6Bgfp"
JavaScript error: resource://gre/modules/XULStore.jsm, line 66: Error: Can't find profile directory.
console.error: SearchCache: "_readCacheFile: Error reading cache file:" (new Error("", "(unknown module)"))
1598044378524	Marionette	INFO	Listening on port 53021
1598044378694	Marionette	WARN	TLS certificate errors will be ignored for this session
